<?xml version="1.0" encoding="UTF-8"?>
<testng-results ignored="0" total="2" passed="2" failed="0" skipped="0">
  <reporter-output>
  </reporter-output>
  <suite started-at="2024-10-12T03:13:10 IST" name="Suite" finished-at="2024-10-12T03:13:15 IST" duration-ms="4391">
    <groups>
    </groups>
    <test started-at="2024-10-12T03:13:10 IST" name="Test" finished-at="2024-10-12T03:13:15 IST" duration-ms="4391">
      <class name="testCases.LoginTest">
        <test-method is-config="true" signature="setupBrowesr()[pri:0, instance:testCases.LoginTest@3d90eeb3]" started-at="2024-10-12T03:13:10 IST" name="setupBrowesr" finished-at="2024-10-12T03:13:13 IST" duration-ms="2325" status="PASS">
          <reporter-output>
          </reporter-output>
        </test-method> <!-- setupBrowesr -->
        <test-method signature="loginToApp(java.lang.String,java.lang.String)[pri:0, instance:testCases.LoginTest@3d90eeb3]" started-at="2024-10-12T03:13:14 IST" name="loginToApp" data-provider="loginDetails" finished-at="2024-10-12T03:13:14 IST" duration-ms="237" status="PASS">
          <params>
            <param index="0">
              <value>
                <![CDATA[tester@gmail.com]]>
              </value>
            </param>
            <param index="1">
              <value>
                <![CDATA[Tester@123]]>
              </value>
            </param>
          </params>
          <reporter-output>
          </reporter-output>
        </test-method> <!-- loginToApp -->
        <test-method signature="loginToApp(java.lang.String,java.lang.String)[pri:0, instance:testCases.LoginTest@3d90eeb3]" started-at="2024-10-12T03:13:14 IST" name="loginToApp" data-provider="loginDetails" finished-at="2024-10-12T03:13:14 IST" duration-ms="175" status="PASS">
          <params>
            <param index="0">
              <value>
                <![CDATA[admin@gmail.com]]>
              </value>
            </param>
            <param index="1">
              <value>
                <![CDATA[admin]]>
              </value>
            </param>
          </params>
          <reporter-output>
          </reporter-output>
        </test-method> <!-- loginToApp -->
        <test-method is-config="true" signature="closeBrowser()[pri:0, instance:testCases.LoginTest@3d90eeb3]" started-at="2024-10-12T03:13:15 IST" name="closeBrowser" finished-at="2024-10-12T03:13:15 IST" duration-ms="152" status="PASS">
          <reporter-output>
          </reporter-output>
        </test-method> <!-- closeBrowser -->
      </class> <!-- testCases.LoginTest -->
    </test> <!-- Test -->
  </suite> <!-- Suite -->
</testng-results>
